20260204013848 === WebP STREAMING Test Started ===
20260204013848 FramesToBuffer = 99999
20260204013848 WebP info: 1280x720, 137 frames
20260204013848 Pre-buffering 99999 frames...
20260204013848 Decoded frame 1 (buffer: 1)
20260204013848 Decoded frame 2 (buffer: 2)
20260204013848 Decoded frame 3 (buffer: 3)
20260204013848 Decoded frame 4 (buffer: 4)
20260204013848 Decoded frame 5 (buffer: 5)
20260204013848 Decoded frame 6 (buffer: 6)
20260204013848 Decoded frame 7 (buffer: 7)
20260204013848 Decoded frame 8 (buffer: 8)
20260204013848 Decoded frame 9 (buffer: 9)
20260204013848 Decoded frame 10 (buffer: 10)
20260204013848 Decoded frame 11 (buffer: 11)
20260204013848 Decoded frame 12 (buffer: 12)
20260204013848 Decoded frame 13 (buffer: 13)
20260204013848 Decoded frame 14 (buffer: 14)
20260204013848 Decoded frame 15 (buffer: 15)
20260204013848 Decoded frame 16 (buffer: 16)
20260204013848 Decoded frame 17 (buffer: 17)
20260204013848 Decoded frame 18 (buffer: 18)
20260204013848 Decoded frame 19 (buffer: 19)
20260204013848 Decoded frame 20 (buffer: 20)
20260204013848 Decoded frame 21 (buffer: 21)
20260204013848 Decoded frame 22 (buffer: 22)
20260204013848 Decoded frame 23 (buffer: 23)
20260204013848 Decoded frame 24 (buffer: 24)
20260204013848 Decoded frame 25 (buffer: 25)
20260204013848 Decoded frame 26 (buffer: 26)
20260204013848 Decoded frame 27 (buffer: 27)
20260204013848 Decoded frame 28 (buffer: 28)
20260204013848 Decoded frame 29 (buffer: 29)
20260204013848 Decoded frame 30 (buffer: 30)
20260204013848 Decoded frame 31 (buffer: 31)
20260204013848 Decoded frame 32 (buffer: 32)
20260204013848 Decoded frame 33 (buffer: 33)
20260204013848 Decoded frame 34 (buffer: 34)
20260204013848 Decoded frame 35 (buffer: 35)
20260204013848 Decoded frame 36 (buffer: 36)
20260204013848 Decoded frame 37 (buffer: 37)
20260204013848 Decoded frame 38 (buffer: 38)
20260204013848 Decoded frame 39 (buffer: 39)
20260204013848 Decoded frame 40 (buffer: 40)
20260204013848 Decoded frame 41 (buffer: 41)
20260204013848 Decoded frame 42 (buffer: 42)
20260204013848 Decoded frame 43 (buffer: 43)
20260204013848 Decoded frame 44 (buffer: 44)
20260204013848 Decoded frame 45 (buffer: 45)
20260204013848 Decoded frame 46 (buffer: 46)
20260204013848 Decoded frame 47 (buffer: 47)
20260204013848 Decoded frame 48 (buffer: 48)
20260204013848 Decoded frame 49 (buffer: 49)
20260204013848 Decoded frame 50 (buffer: 50)
20260204013848 Decoded frame 51 (buffer: 51)
20260204013848 Decoded frame 52 (buffer: 52)
20260204013848 Decoded frame 53 (buffer: 53)
20260204013848 Decoded frame 54 (buffer: 54)
20260204013848 Decoded frame 55 (buffer: 55)
20260204013848 Decoded frame 56 (buffer: 56)
20260204013848 Decoded frame 57 (buffer: 57)
20260204013848 Decoded frame 58 (buffer: 58)
20260204013848 Decoded frame 59 (buffer: 59)
20260204013848 Decoded frame 60 (buffer: 60)
20260204013849 Decoded frame 61 (buffer: 61)
20260204013849 Decoded frame 62 (buffer: 62)
20260204013849 Decoded frame 63 (buffer: 63)
20260204013849 Decoded frame 64 (buffer: 64)
20260204013849 Decoded frame 65 (buffer: 65)
20260204013849 Decoded frame 66 (buffer: 66)
20260204013849 Decoded frame 67 (buffer: 67)
20260204013849 Decoded frame 68 (buffer: 68)
20260204013849 Decoded frame 69 (buffer: 69)
20260204013849 Decoded frame 70 (buffer: 70)
20260204013849 Decoded frame 71 (buffer: 71)
20260204013849 Decoded frame 72 (buffer: 72)
20260204013849 Decoded frame 73 (buffer: 73)
20260204013849 Decoded frame 74 (buffer: 74)
20260204013849 Decoded frame 75 (buffer: 75)
20260204013849 Decoded frame 76 (buffer: 76)
20260204013849 Decoded frame 77 (buffer: 77)
20260204013849 Decoded frame 78 (buffer: 78)
20260204013849 Decoded frame 79 (buffer: 79)
20260204013849 Decoded frame 80 (buffer: 80)
20260204013849 Decoded frame 81 (buffer: 81)
20260204013849 Decoded frame 82 (buffer: 82)
20260204013849 Decoded frame 83 (buffer: 83)
20260204013849 Decoded frame 84 (buffer: 84)
20260204013849 Decoded frame 85 (buffer: 85)
20260204013849 Decoded frame 86 (buffer: 86)
20260204013849 Decoded frame 87 (buffer: 87)
20260204013849 Decoded frame 88 (buffer: 88)
20260204013849 Decoded frame 89 (buffer: 89)
20260204013849 Decoded frame 90 (buffer: 90)
20260204013849 Decoded frame 91 (buffer: 91)
20260204013849 Decoded frame 92 (buffer: 92)
20260204013849 Decoded frame 93 (buffer: 93)
20260204013849 Decoded frame 94 (buffer: 94)
20260204013849 Decoded frame 95 (buffer: 95)
20260204013849 Decoded frame 96 (buffer: 96)
20260204013849 Decoded frame 97 (buffer: 97)
20260204013849 Decoded frame 98 (buffer: 98)
20260204013849 Decoded frame 99 (buffer: 99)
20260204013849 Decoded frame 100 (buffer: 100)
20260204013849 Decoded frame 101 (buffer: 101)
20260204013849 Decoded frame 102 (buffer: 102)
20260204013849 Decoded frame 103 (buffer: 103)
20260204013849 Decoded frame 104 (buffer: 104)
20260204013849 Decoded frame 105 (buffer: 105)
20260204013849 Decoded frame 106 (buffer: 106)
20260204013849 Decoded frame 107 (buffer: 107)
20260204013849 Decoded frame 108 (buffer: 108)
20260204013849 Decoded frame 109 (buffer: 109)
20260204013849 Decoded frame 110 (buffer: 110)
20260204013849 Decoded frame 111 (buffer: 111)
20260204013849 Decoded frame 112 (buffer: 112)
20260204013849 Decoded frame 113 (buffer: 113)
20260204013849 Decoded frame 114 (buffer: 114)
20260204013849 Decoded frame 115 (buffer: 115)
20260204013849 Decoded frame 116 (buffer: 116)
20260204013849 Decoded frame 117 (buffer: 117)
20260204013849 Decoded frame 118 (buffer: 118)
20260204013849 Decoded frame 119 (buffer: 119)
20260204013849 Decoded frame 120 (buffer: 120)
20260204013849 Decoded frame 121 (buffer: 121)
20260204013849 Decoded frame 122 (buffer: 122)
20260204013849 Decoded frame 123 (buffer: 123)
20260204013849 Decoded frame 124 (buffer: 124)
20260204013849 Decoded frame 125 (buffer: 125)
20260204013849 Decoded frame 126 (buffer: 126)
20260204013849 Decoded frame 127 (buffer: 127)
20260204013849 Decoded frame 128 (buffer: 128)
20260204013849 Decoded frame 129 (buffer: 129)
20260204013849 Decoded frame 130 (buffer: 130)
20260204013849 Decoded frame 131 (buffer: 131)
20260204013849 Decoded frame 132 (buffer: 132)
20260204013849 Decoded frame 133 (buffer: 133)
20260204013849 Decoded frame 134 (buffer: 134)
20260204013849 Decoded frame 135 (buffer: 135)
20260204013849 Decoded frame 136 (buffer: 136)
20260204013849 Decoded frame 137 (buffer: 137)
20260204013849 Pre-buffer complete, buffer has 137 frames
20260204013849 Decoder exhausted at frame 138
20260204013849 Evicted frame 1 (buffer: 136)
20260204013849 Evicted frame 2 (buffer: 135)
20260204013850 Evicted frame 3 (buffer: 134)
20260204013850 Evicted frame 4 (buffer: 133)
20260204013850 Evicted frame 5 (buffer: 132)
20260204013850 Evicted frame 6 (buffer: 131)
20260204013850 Evicted frame 7 (buffer: 130)
20260204013850 Evicted frame 8 (buffer: 129)
20260204013850 Evicted frame 9 (buffer: 128)
20260204013850 Evicted frame 10 (buffer: 127)
20260204013850 Evicted frame 11 (buffer: 126)
20260204013850 Evicted frame 12 (buffer: 125)
20260204013850 Evicted frame 13 (buffer: 124)
20260204013850 Evicted frame 14 (buffer: 123)
20260204013850 Evicted frame 15 (buffer: 122)
20260204013850 Evicted frame 16 (buffer: 121)
20260204013850 Evicted frame 17 (buffer: 120)
20260204013850 Evicted frame 18 (buffer: 119)
20260204013850 Evicted frame 19 (buffer: 118)
20260204013850 Evicted frame 20 (buffer: 117)
20260204013850 Evicted frame 21 (buffer: 116)
20260204013850 Evicted frame 22 (buffer: 115)
20260204013850 Evicted frame 23 (buffer: 114)
20260204013851 Evicted frame 24 (buffer: 113)
20260204013851 Evicted frame 25 (buffer: 112)
20260204013851 Evicted frame 26 (buffer: 111)
20260204013851 Evicted frame 27 (buffer: 110)
20260204013851 Evicted frame 28 (buffer: 109)
20260204013851 Evicted frame 29 (buffer: 108)
20260204013851 Evicted frame 30 (buffer: 107)
20260204013851 Evicted frame 31 (buffer: 106)
20260204013851 Evicted frame 32 (buffer: 105)
20260204013851 Evicted frame 33 (buffer: 104)
20260204013851 Evicted frame 34 (buffer: 103)
20260204013851 Evicted frame 35 (buffer: 102)
20260204013851 Evicted frame 36 (buffer: 101)
20260204013851 Evicted frame 37 (buffer: 100)
20260204013851 Evicted frame 38 (buffer: 99)
20260204013851 Evicted frame 39 (buffer: 98)
20260204013851 Evicted frame 40 (buffer: 97)
20260204013851 Evicted frame 41 (buffer: 96)
20260204013851 Evicted frame 42 (buffer: 95)
20260204013851 Evicted frame 43 (buffer: 94)
20260204013851 Evicted frame 44 (buffer: 93)
20260204013852 Evicted frame 45 (buffer: 92)
20260204013852 Evicted frame 46 (buffer: 91)
20260204013852 Evicted frame 47 (buffer: 90)
20260204013852 Evicted frame 48 (buffer: 89)
20260204013852 Evicted frame 49 (buffer: 88)
20260204013852 Evicted frame 50 (buffer: 87)
20260204013852 Evicted frame 51 (buffer: 86)
20260204013852 Evicted frame 52 (buffer: 85)
20260204013852 Evicted frame 53 (buffer: 84)
20260204013852 Evicted frame 54 (buffer: 83)
20260204013852 Evicted frame 55 (buffer: 82)
20260204013852 Evicted frame 56 (buffer: 81)
20260204013852 Evicted frame 57 (buffer: 80)
20260204013852 Evicted frame 58 (buffer: 79)
20260204013852 Evicted frame 59 (buffer: 78)
20260204013852 Evicted frame 60 (buffer: 77)
20260204013852 Evicted frame 61 (buffer: 76)
20260204013852 Evicted frame 62 (buffer: 75)
20260204013852 Evicted frame 63 (buffer: 74)
20260204013852 Evicted frame 64 (buffer: 73)
20260204013852 Evicted frame 65 (buffer: 72)
20260204013852 Evicted frame 66 (buffer: 71)
20260204013853 Evicted frame 67 (buffer: 70)
20260204013853 Evicted frame 68 (buffer: 69)
20260204013853 Evicted frame 69 (buffer: 68)
20260204013853 Evicted frame 70 (buffer: 67)
20260204013853 Evicted frame 71 (buffer: 66)
20260204013853 Evicted frame 72 (buffer: 65)
20260204013853 Evicted frame 73 (buffer: 64)
20260204013853 Evicted frame 74 (buffer: 63)
20260204013853 Evicted frame 75 (buffer: 62)
20260204013853 Evicted frame 76 (buffer: 61)
20260204013853 Evicted frame 77 (buffer: 60)
20260204013853 Evicted frame 78 (buffer: 59)
20260204013853 Evicted frame 79 (buffer: 58)
20260204013853 Evicted frame 80 (buffer: 57)
20260204013853 Evicted frame 81 (buffer: 56)
20260204013853 Evicted frame 82 (buffer: 55)
20260204013853 Evicted frame 83 (buffer: 54)
20260204013853 Evicted frame 84 (buffer: 53)
20260204013853 Evicted frame 85 (buffer: 52)
20260204013853 Evicted frame 86 (buffer: 51)
20260204013853 Evicted frame 87 (buffer: 50)
20260204013854 Evicted frame 88 (buffer: 49)
20260204013854 Evicted frame 89 (buffer: 48)
20260204013854 Evicted frame 90 (buffer: 47)
20260204013854 Evicted frame 91 (buffer: 46)
20260204013854 Evicted frame 92 (buffer: 45)
20260204013854 Evicted frame 93 (buffer: 44)
20260204013854 Evicted frame 94 (buffer: 43)
20260204013854 Evicted frame 95 (buffer: 42)
20260204013854 Evicted frame 96 (buffer: 41)
20260204013854 Evicted frame 97 (buffer: 40)
20260204013854 Evicted frame 98 (buffer: 39)
20260204013854 Evicted frame 99 (buffer: 38)
20260204013854 Evicted frame 100 (buffer: 37)
20260204013854 Evicted frame 101 (buffer: 36)
20260204013854 Evicted frame 102 (buffer: 35)
20260204013854 Evicted frame 103 (buffer: 34)
20260204013854 Evicted frame 104 (buffer: 33)
20260204013854 Evicted frame 105 (buffer: 32)
20260204013854 Evicted frame 106 (buffer: 31)
20260204013854 Evicted frame 107 (buffer: 30)
20260204013854 Evicted frame 108 (buffer: 29)
20260204013855 Evicted frame 109 (buffer: 28)
20260204013855 Evicted frame 110 (buffer: 27)
20260204013855 Evicted frame 111 (buffer: 26)
20260204013855 Evicted frame 112 (buffer: 25)
20260204013855 Evicted frame 113 (buffer: 24)
20260204013855 Evicted frame 114 (buffer: 23)
20260204013855 Evicted frame 115 (buffer: 22)
20260204013855 Evicted frame 116 (buffer: 21)
20260204013855 Evicted frame 117 (buffer: 20)
20260204013855 Evicted frame 118 (buffer: 19)
20260204013855 Evicted frame 119 (buffer: 18)
20260204013855 Evicted frame 120 (buffer: 17)
20260204013855 Evicted frame 121 (buffer: 16)
20260204013855 Evicted frame 122 (buffer: 15)
20260204013855 Evicted frame 123 (buffer: 14)
20260204013855 Evicted frame 124 (buffer: 13)
20260204013855 Evicted frame 125 (buffer: 12)
20260204013855 Evicted frame 126 (buffer: 11)
20260204013855 Evicted frame 127 (buffer: 10)
20260204013855 Evicted frame 128 (buffer: 9)
20260204013855 Evicted frame 129 (buffer: 8)
20260204013855 Evicted frame 130 (buffer: 7)
20260204013856 Evicted frame 131 (buffer: 6)
20260204013856 Evicted frame 132 (buffer: 5)
20260204013856 Evicted frame 133 (buffer: 4)
20260204013856 Evicted frame 134 (buffer: 3)
20260204013856 Evicted frame 135 (buffer: 2)
20260204013856 Decoder reset for new loop
20260204013856 Decoded frame 1 (buffer: 1)
20260204013856 Decoded frame 2 (buffer: 2)
20260204013856 Decoded frame 3 (buffer: 3)
20260204013856 Decoded frame 4 (buffer: 4)
20260204013856 Decoded frame 5 (buffer: 5)
20260204013856 Decoded frame 6 (buffer: 6)
20260204013856 Decoded frame 7 (buffer: 7)
20260204013856 Decoded frame 8 (buffer: 8)
20260204013856 Decoded frame 9 (buffer: 9)
20260204013856 Decoded frame 10 (buffer: 10)
20260204013856 Decoded frame 11 (buffer: 11)
20260204013856 Decoded frame 12 (buffer: 12)
20260204013856 Decoded frame 13 (buffer: 13)
20260204013856 Decoded frame 14 (buffer: 14)
20260204013856 Decoded frame 15 (buffer: 15)
20260204013856 Decoded frame 16 (buffer: 16)
20260204013856 Decoded frame 17 (buffer: 17)
20260204013856 Decoded frame 18 (buffer: 18)
20260204013856 Decoded frame 19 (buffer: 19)
20260204013856 Decoded frame 20 (buffer: 20)
20260204013856 Decoded frame 21 (buffer: 21)
20260204013856 Decoded frame 22 (buffer: 22)
20260204013856 Decoded frame 23 (buffer: 23)
20260204013856 Decoded frame 24 (buffer: 24)
20260204013856 Decoded frame 25 (buffer: 25)
20260204013856 Decoded frame 26 (buffer: 26)
20260204013856 Decoded frame 27 (buffer: 27)
20260204013856 Decoded frame 28 (buffer: 28)
20260204013856 Decoded frame 29 (buffer: 29)
20260204013856 Decoded frame 30 (buffer: 30)
20260204013856 Decoded frame 31 (buffer: 31)
20260204013856 Decoded frame 32 (buffer: 32)
20260204013856 Decoded frame 33 (buffer: 33)
20260204013856 Decoded frame 34 (buffer: 34)
20260204013856 Decoded frame 35 (buffer: 35)
20260204013856 Decoded frame 36 (buffer: 36)
20260204013856 Decoded frame 37 (buffer: 37)
20260204013856 Decoded frame 38 (buffer: 38)
20260204013856 Decoded frame 39 (buffer: 39)
20260204013856 Decoded frame 40 (buffer: 40)
20260204013856 Decoded frame 41 (buffer: 41)
20260204013856 Decoded frame 42 (buffer: 42)
20260204013856 Decoded frame 43 (buffer: 43)
20260204013856 Decoded frame 44 (buffer: 44)
20260204013856 Decoded frame 45 (buffer: 45)
20260204013856 Decoded frame 46 (buffer: 46)
20260204013856 Decoded frame 47 (buffer: 47)
20260204013856 Decoded frame 48 (buffer: 48)
20260204013856 Decoded frame 49 (buffer: 49)
20260204013856 Decoded frame 50 (buffer: 50)
20260204013856 Decoded frame 51 (buffer: 51)
20260204013856 Decoded frame 52 (buffer: 52)
20260204013856 Decoded frame 53 (buffer: 53)
20260204013856 Decoded frame 54 (buffer: 54)
20260204013856 Decoded frame 55 (buffer: 55)
20260204013856 Decoded frame 56 (buffer: 56)
20260204013856 Decoded frame 57 (buffer: 57)
20260204013856 Decoded frame 58 (buffer: 58)
20260204013856 Decoded frame 59 (buffer: 59)
20260204013856 Decoded frame 60 (buffer: 60)
20260204013856 Decoded frame 61 (buffer: 61)
20260204013856 Decoded frame 62 (buffer: 62)
20260204013856 Decoded frame 63 (buffer: 63)
20260204013856 Decoded frame 64 (buffer: 64)
20260204013856 Decoded frame 65 (buffer: 65)
20260204013856 Decoded frame 66 (buffer: 66)
20260204013856 Decoded frame 67 (buffer: 67)
20260204013856 Decoded frame 68 (buffer: 68)
20260204013856 Decoded frame 69 (buffer: 69)
20260204013856 Decoded frame 70 (buffer: 70)
20260204013856 Decoded frame 71 (buffer: 71)
20260204013856 Decoded frame 72 (buffer: 72)
20260204013856 Decoded frame 73 (buffer: 73)
20260204013856 Decoded frame 74 (buffer: 74)
20260204013856 Decoded frame 75 (buffer: 75)
20260204013857 Decoded frame 76 (buffer: 76)
20260204013857 Decoded frame 77 (buffer: 77)
20260204013857 Decoded frame 78 (buffer: 78)
20260204013857 Decoded frame 79 (buffer: 79)
20260204013857 Decoded frame 80 (buffer: 80)
20260204013857 Decoded frame 81 (buffer: 81)
20260204013857 Decoded frame 82 (buffer: 82)
20260204013857 Decoded frame 83 (buffer: 83)
20260204013857 Decoded frame 84 (buffer: 84)
20260204013857 Decoded frame 85 (buffer: 85)
20260204013857 Decoded frame 86 (buffer: 86)
20260204013857 Decoded frame 87 (buffer: 87)
20260204013857 Decoded frame 88 (buffer: 88)
20260204013857 Decoded frame 89 (buffer: 89)
20260204013857 Decoded frame 90 (buffer: 90)
20260204013857 Decoded frame 91 (buffer: 91)
20260204013857 Decoded frame 92 (buffer: 92)
20260204013857 Decoded frame 93 (buffer: 93)
20260204013857 Decoded frame 94 (buffer: 94)
20260204013857 Decoded frame 95 (buffer: 95)
20260204013857 Decoded frame 96 (buffer: 96)
20260204013857 Decoded frame 97 (buffer: 97)
20260204013857 Decoded frame 98 (buffer: 98)
20260204013857 Decoded frame 99 (buffer: 99)
20260204013857 Decoded frame 100 (buffer: 100)
20260204013857 Decoded frame 101 (buffer: 101)
20260204013857 Decoded frame 102 (buffer: 102)
20260204013857 Decoded frame 103 (buffer: 103)
20260204013857 Decoded frame 104 (buffer: 104)
20260204013857 Decoded frame 105 (buffer: 105)
20260204013857 Decoded frame 106 (buffer: 106)
20260204013857 Decoded frame 107 (buffer: 107)
20260204013857 Decoded frame 108 (buffer: 108)
20260204013857 Decoded frame 109 (buffer: 109)
20260204013857 Decoded frame 110 (buffer: 110)
20260204013857 Decoded frame 111 (buffer: 111)
20260204013857 Decoded frame 112 (buffer: 112)
20260204013857 Decoded frame 113 (buffer: 113)
20260204013857 Decoded frame 114 (buffer: 114)
20260204013857 Decoded frame 115 (buffer: 115)
20260204013857 Decoded frame 116 (buffer: 116)
20260204013857 Decoded frame 117 (buffer: 117)
20260204013857 Decoded frame 118 (buffer: 118)
20260204013857 Decoded frame 119 (buffer: 119)
20260204013857 Decoded frame 120 (buffer: 120)
20260204013857 Decoded frame 121 (buffer: 121)
20260204013857 Decoded frame 122 (buffer: 122)
20260204013857 Decoded frame 123 (buffer: 123)
20260204013857 Decoded frame 124 (buffer: 124)
20260204013857 Decoded frame 125 (buffer: 125)
20260204013857 Decoded frame 126 (buffer: 126)
20260204013857 Decoded frame 127 (buffer: 127)
20260204013857 Decoded frame 128 (buffer: 128)
20260204013857 Decoded frame 129 (buffer: 129)
20260204013857 Decoded frame 130 (buffer: 130)
20260204013857 Decoded frame 131 (buffer: 131)
20260204013857 Decoded frame 132 (buffer: 132)
20260204013857 Decoded frame 133 (buffer: 133)
20260204013857 Decoded frame 134 (buffer: 134)
20260204013857 Decoded frame 135 (buffer: 135)
20260204013857 Decoded frame 136 (buffer: 136)
20260204013857 Decoded frame 137 (buffer: 137)
20260204013857 Decoder exhausted at frame 138
20260204013857 Evicted frame 1 (buffer: 136)
20260204013857 Evicted frame 2 (buffer: 135)
20260204013857 Evicted frame 3 (buffer: 134)
20260204013857 Evicted frame 4 (buffer: 133)
20260204013857 Evicted frame 5 (buffer: 132)
20260204013857 Evicted frame 6 (buffer: 131)
20260204013857 Evicted frame 7 (buffer: 130)
20260204013858 Evicted frame 8 (buffer: 129)
20260204013858 Evicted frame 9 (buffer: 128)
20260204013858 Evicted frame 10 (buffer: 127)
20260204013858 Evicted frame 11 (buffer: 126)
20260204013858 Evicted frame 12 (buffer: 125)
20260204013858 Evicted frame 13 (buffer: 124)
20260204013858 Evicted frame 14 (buffer: 123)
20260204013858 Evicted frame 15 (buffer: 122)
20260204013858 Evicted frame 16 (buffer: 121)
20260204013858 Evicted frame 17 (buffer: 120)
20260204013858 Evicted frame 18 (buffer: 119)
20260204013858 Evicted frame 19 (buffer: 118)
20260204013858 Evicted frame 20 (buffer: 117)
20260204013858 Evicted frame 21 (buffer: 116)
20260204013858 Evicted frame 22 (buffer: 115)
20260204013858 Evicted frame 23 (buffer: 114)
20260204013858 Evicted frame 24 (buffer: 113)
20260204013858 Evicted frame 25 (buffer: 112)
20260204013858 Evicted frame 26 (buffer: 111)
20260204013858 Evicted frame 27 (buffer: 110)
20260204013858 Evicted frame 28 (buffer: 109)
20260204013858 Evicted frame 29 (buffer: 108)
20260204013859 Evicted frame 30 (buffer: 107)
20260204013859 Evicted frame 31 (buffer: 106)
20260204013859 Evicted frame 32 (buffer: 105)
20260204013859 Evicted frame 33 (buffer: 104)
20260204013859 Evicted frame 34 (buffer: 103)
20260204013859 Evicted frame 35 (buffer: 102)
20260204013859 Evicted frame 36 (buffer: 101)
20260204013859 Evicted frame 37 (buffer: 100)
20260204013859 Evicted frame 38 (buffer: 99)
20260204013859 Evicted frame 39 (buffer: 98)
20260204013859 Evicted frame 40 (buffer: 97)
20260204013859 Evicted frame 41 (buffer: 96)
20260204013859 Evicted frame 42 (buffer: 95)
20260204013859 Evicted frame 43 (buffer: 94)
20260204013859 Evicted frame 44 (buffer: 93)
20260204013859 Evicted frame 45 (buffer: 92)
20260204013859 Evicted frame 46 (buffer: 91)
20260204013859 Evicted frame 47 (buffer: 90)
20260204013859 Evicted frame 48 (buffer: 89)
20260204013859 Evicted frame 49 (buffer: 88)
20260204013859 Evicted frame 50 (buffer: 87)
20260204013900 Evicted frame 51 (buffer: 86)
20260204013900 Evicted frame 52 (buffer: 85)
20260204013900 Evicted frame 53 (buffer: 84)
20260204013900 Evicted frame 54 (buffer: 83)
20260204013900 Evicted frame 55 (buffer: 82)
